<?xml version="1.0" encoding="UTF-8" ?>
<testsuite tests="6" failures="0" name="ru.sber.bootcamp.model_DAO.repository.CardRepositoryTest" time="0.023" errors="0" skipped="0">
  <properties>
[...]
</properties>
  <testcase classname="ru.sber.bootcamp.model_DAO.repository.CardRepositoryTest" name="addCardByAccountNumber" time="0.019"/>
  <testcase classname="ru.sber.bootcamp.model_DAO.repository.CardRepositoryTest" name="getCardByCardNumber" time="0"/>
  <testcase classname="ru.sber.bootcamp.model_DAO.repository.CardRepositoryTest" name="getAllCardsByAccountNumber" time="0"/>
  <testcase classname="ru.sber.bootcamp.model_DAO.repository.CardRepositoryTest" name="getAllCards" time="0"/>
  <testcase classname="ru.sber.bootcamp.model_DAO.repository.CardRepositoryTest" name="getCardWithMaxNumber" time="0.004"/>
  <testcase classname="ru.sber.bootcamp.model_DAO.repository.CardRepositoryTest" name="getCardById" time="0"/>
</testsuite>